<?xml version="1.0" encoding="utf-8"?><testsuites name="pytest tests"><testsuite name="pytest" errors="0" failures="0" skipped="1" tests="13" time="0.840" timestamp="2026-01-30T14:21:01.693544+00:00" hostname="agent-env-d2434416-47fa-40be-a5db-eda00ced115d"><testcase classname="tests.test_10_issues_fixes.TestHistorialVentasProductNames" name="test_ventas_list_shows_product_names" time="0.126" /><testcase classname="tests.test_10_issues_fixes.TestBoletaFacturaMateriaNames" name="test_boleta_endpoint_exists" time="0.042" /><testcase classname="tests.test_10_issues_fixes.TestVentasPrecioEditable" name="test_create_venta_with_custom_price" time="0.091" /><testcase classname="tests.test_10_issues_fixes.TestStockSalidaButton" name="test_stock_salida_endpoint_exists" time="0.040" /><testcase classname="tests.test_10_issues_fixes.TestVentasHerenciaDescuento" name="test_cliente_descuento_field_exists" time="0.036" /><testcase classname="tests.test_10_issues_fixes.TestVentasHerenciaDescuento" name="test_venta_accepts_representante_cliente_id" time="0.076" /><testcase classname="tests.test_10_issues_fixes.TestFuncionariosColumnas" name="test_funcionarios_returns_salary_fields" time="0.042" /><testcase classname="tests.test_10_issues_fixes.TestPermisosRoles" name="test_user_permisos_endpoint" time="0.044" /><testcase classname="tests.test_10_issues_fixes.TestPermisosRoles" name="test_roles_endpoint" time="0.039" /><testcase classname="tests.test_10_issues_fixes.TestProductosColumnaID" name="test_productos_returns_id" time="0.033" /><testcase classname="tests.test_10_issues_fixes.TestProductosColumnaID" name="test_productos_returns_imagen_url" time="0.036" /><testcase classname="tests.test_10_issues_fixes.TestVentasBuscarPorID" name="test_producto_by_id_endpoint" time="0.041" /><testcase classname="tests.test_10_issues_fixes.TestVentaWorkflow" name="test_complete_venta_flow" time="0.076"><skipped type="pytest.skip" message="No test data available">/app/backend/tests/test_10_issues_fixes.py:290: No test data available</skipped></testcase></testsuite></testsuites>