<?xml version="1.0" encoding="utf-8"?><testsuites name="pytest tests"><testsuite name="pytest" errors="0" failures="0" skipped="0" tests="29" time="9.361" timestamp="2026-01-29T19:17:56.216994+00:00" hostname="agent-env-d2434416-47fa-40be-a5db-eda00ced115d"><testcase classname="backend.tests.test_erp_features.TestHealthAndAuth" name="test_health_endpoint" time="0.059" /><testcase classname="backend.tests.test_erp_features.TestHealthAndAuth" name="test_login_with_valid_credentials" time="0.302" /><testcase classname="backend.tests.test_erp_features.TestHealthAndAuth" name="test_login_with_invalid_credentials" time="0.040" /><testcase classname="backend.tests.test_erp_features.TestDeliveryPage" name="test_list_entregas" time="0.308" /><testcase classname="backend.tests.test_erp_features.TestDeliveryPage" name="test_list_vehiculos" time="0.297" /><testcase classname="backend.tests.test_erp_features.TestVentasChequeValidation" name="test_list_clientes" time="0.296" /><testcase classname="backend.tests.test_erp_features.TestVentasChequeValidation" name="test_create_cliente_without_cheque" time="0.313" /><testcase classname="backend.tests.test_erp_features.TestVentasChequeValidation" name="test_create_cliente_with_cheque" time="0.339" /><testcase classname="backend.tests.test_erp_features.TestVentasChequeValidation" name="test_venta_cheque_validation_rejected" time="0.385" /><testcase classname="backend.tests.test_erp_features.TestFuncionariosAdelantos" name="test_list_funcionarios" time="0.296" /><testcase classname="backend.tests.test_erp_features.TestFuncionariosAdelantos" name="test_create_funcionario" time="0.297" /><testcase classname="backend.tests.test_erp_features.TestFuncionariosAdelantos" name="test_create_adelanto_salario" time="0.379" /><testcase classname="backend.tests.test_erp_features.TestProveedoresDeudas" name="test_list_proveedores" time="0.300" /><testcase classname="backend.tests.test_erp_features.TestProveedoresDeudas" name="test_create_proveedor" time="0.306" /><testcase classname="backend.tests.test_erp_features.TestProveedoresDeudas" name="test_create_deuda_with_fecha_limite" time="0.377" /><testcase classname="backend.tests.test_erp_features.TestProveedoresDeudas" name="test_pagar_deuda" time="0.429" /><testcase classname="backend.tests.test_erp_features.TestCotizacionDivisas" name="test_get_cotizacion" time="0.584" /><testcase classname="backend.tests.test_erp_features.TestCotizacionDivisas" name="test_set_manual_cotizacion" time="0.330" /><testcase classname="backend.tests.test_erp_features.TestCotizacionDivisas" name="test_activate_auto_cotizacion" time="0.292" /><testcase classname="backend.tests.test_erp_features.TestMarcasCRUD" name="test_list_marcas" time="0.299" /><testcase classname="backend.tests.test_erp_features.TestMarcasCRUD" name="test_create_marca" time="0.300" /><testcase classname="backend.tests.test_erp_features.TestMarcasCRUD" name="test_update_marca" time="0.343" /><testcase classname="backend.tests.test_erp_features.TestMarcasCRUD" name="test_delete_marca" time="0.347" /><testcase classname="backend.tests.test_erp_features.TestPermisosRoles" name="test_list_roles" time="0.296" /><testcase classname="backend.tests.test_erp_features.TestPermisosRoles" name="test_list_permisos" time="0.304" /><testcase classname="backend.tests.test_erp_features.TestPermisosRoles" name="test_create_rol" time="0.301" /><testcase classname="backend.tests.test_erp_features.TestPermisosRoles" name="test_create_permiso" time="0.296" /><testcase classname="backend.tests.test_erp_features.TestPermisosRoles" name="test_assign_permiso_to_rol" time="0.431" /><testcase classname="backend.tests.test_erp_features.TestPermisosRoles" name="test_remove_permiso_from_rol" time="0.416" /></testsuite></testsuites>