<?xml version="1.0" encoding="utf-8"?><testsuites name="pytest tests"><testsuite name="pytest" errors="0" failures="0" skipped="0" tests="12" time="0.996" timestamp="2026-01-30T14:41:58.567693+00:00" hostname="agent-env-bc7c4d8c-0e85-498b-897b-fe4a12af52fc"><testcase classname="tests.test_10_features.TestHistorialVentasProductNames" name="test_ventas_list_returns_item_descriptions" time="0.120" /><testcase classname="tests.test_10_features.TestBoletaFacturaMateriaNames" name="test_boleta_endpoint_returns_materia_names" time="0.040" /><testcase classname="tests.test_10_features.TestBoletaFacturaMateriaNames" name="test_factura_endpoint_returns_materia_names" time="0.040" /><testcase classname="tests.test_10_features.TestStockSalidaEndpoint" name="test_stock_salida_endpoint_exists" time="0.044" /><testcase classname="tests.test_10_features.TestStockSalidaEndpoint" name="test_stock_salida_insufficient_stock" time="0.080" /><testcase classname="tests.test_10_features.TestFuncionariosSalaryFields" name="test_funcionarios_endpoint_returns_salary_fields" time="0.046" /><testcase classname="tests.test_10_features.TestRepresentativeLogic" name="test_create_venta_with_representante" time="0.259" /><testcase classname="tests.test_10_features.TestPermissionsSystem" name="test_admin_user_has_all_permissions" time="0.042" /><testcase classname="tests.test_10_features.TestPermissionsSystem" name="test_roles_endpoint_returns_roles" time="0.035" /><testcase classname="tests.test_10_features.TestProductosIDColumn" name="test_productos_endpoint_returns_id" time="0.039" /><testcase classname="tests.test_10_features.TestVentasSearchByID" name="test_productos_searchable_by_id" time="0.049" /><testcase classname="tests.test_10_features.TestVentasPriceEditable" name="test_venta_accepts_custom_price" time="0.082" /></testsuite></testsuites>