<?xml version="1.0" encoding="utf-8"?><testsuites name="pytest tests"><testsuite name="pytest" errors="0" failures="0" skipped="0" tests="7" time="2.899" timestamp="2026-01-29T20:12:35.308708+00:00" hostname="agent-env-d2434416-47fa-40be-a5db-eda00ced115d"><testcase classname="backend.tests.test_permissions_historial.TestPermissionSystem" name="test_admin_has_permissions" time="0.371" /><testcase classname="backend.tests.test_permissions_historial.TestPermissionSystem" name="test_user_without_role_has_no_permissions" time="0.570" /><testcase classname="backend.tests.test_permissions_historial.TestHistorialVentas" name="test_ventas_list_endpoint" time="0.308" /><testcase classname="backend.tests.test_permissions_historial.TestHistorialVentas" name="test_ventas_filters" time="0.332" /><testcase classname="backend.tests.test_permissions_historial.TestPrintModal" name="test_boleta_endpoint" time="0.333" /><testcase classname="backend.tests.test_permissions_historial.TestPrintModal" name="test_factura_endpoint" time="0.330" /><testcase classname="backend.tests.test_permissions_historial.TestPrintModal" name="test_create_venta_and_confirm" time="0.593" /></testsuite></testsuites>