<?xml version="1.0" encoding="utf-8"?><testsuites name="pytest tests"><testsuite name="pytest" errors="0" failures="0" skipped="0" tests="22" time="7.181" timestamp="2026-01-29T21:04:40.499124+00:00" hostname="agent-env-d2434416-47fa-40be-a5db-eda00ced115d"><testcase classname="backend.tests.test_creditos_reportes_ciclos.TestAuth" name="test_login_success" time="0.330" /><testcase classname="backend.tests.test_creditos_reportes_ciclos.TestClientesCreditos" name="test_01_create_cliente_with_limite_credito" time="0.306" /><testcase classname="backend.tests.test_creditos_reportes_ciclos.TestClientesCreditos" name="test_02_get_cliente_shows_limite_credito" time="0.300" /><testcase classname="backend.tests.test_creditos_reportes_ciclos.TestClientesCreditos" name="test_03_get_credito_disponible" time="0.305" /><testcase classname="backend.tests.test_creditos_reportes_ciclos.TestClientesCreditos" name="test_04_create_credito_manual" time="0.300" /><testcase classname="backend.tests.test_creditos_reportes_ciclos.TestClientesCreditos" name="test_05_list_creditos_pendientes" time="0.297" /><testcase classname="backend.tests.test_creditos_reportes_ciclos.TestClientesCreditos" name="test_06_pago_parcial_credito" time="0.306" /><testcase classname="backend.tests.test_creditos_reportes_ciclos.TestClientesCreditos" name="test_07_pago_completo_credito" time="0.295" /><testcase classname="backend.tests.test_creditos_reportes_ciclos.TestVentasCredito" name="test_08_create_cliente_for_venta" time="0.297" /><testcase classname="backend.tests.test_creditos_reportes_ciclos.TestVentasCredito" name="test_09_create_producto_for_venta" time="0.382" /><testcase classname="backend.tests.test_creditos_reportes_ciclos.TestVentasCredito" name="test_10_venta_credito_validates_limit" time="0.297" /><testcase classname="backend.tests.test_creditos_reportes_ciclos.TestVentasCredito" name="test_11_venta_credito_within_limit" time="0.303" /><testcase classname="backend.tests.test_creditos_reportes_ciclos.TestVentasCredito" name="test_12_confirmar_venta_creates_credito" time="0.346" /><testcase classname="backend.tests.test_creditos_reportes_ciclos.TestReportesPDF" name="test_13_reporte_ventas_pdf" time="0.303" /><testcase classname="backend.tests.test_creditos_reportes_ciclos.TestReportesPDF" name="test_14_reporte_stock_pdf" time="0.342" /><testcase classname="backend.tests.test_creditos_reportes_ciclos.TestReportesPDF" name="test_15_reporte_deudas_proveedores_pdf" time="0.312" /><testcase classname="backend.tests.test_creditos_reportes_ciclos.TestReportesPDF" name="test_16_reporte_creditos_clientes_pdf" time="0.315" /><testcase classname="backend.tests.test_creditos_reportes_ciclos.TestCiclosSalario" name="test_17_create_funcionario_for_ciclo" time="0.343" /><testcase classname="backend.tests.test_creditos_reportes_ciclos.TestCiclosSalario" name="test_18_generar_ciclo_salario" time="0.306" /><testcase classname="backend.tests.test_creditos_reportes_ciclos.TestCiclosSalario" name="test_19_list_ciclos_salario" time="0.296" /><testcase classname="backend.tests.test_creditos_reportes_ciclos.TestCiclosSalario" name="test_20_alertas_salarios_pendientes" time="0.292" /><testcase classname="backend.tests.test_creditos_reportes_ciclos.TestCleanup" name="test_99_cleanup_test_data" time="0.522" /></testsuite></testsuites>